{"timestamp":"2025-05-13T22:30:49.725236","level":"info","event":"DAG bundles loaded: dags-folder, example_dags","logger":"airflow.dag_processing.bundles.manager.DagBundlesManager"}
{"timestamp":"2025-05-13T22:30:49.727061","level":"info","event":"Filling up the DagBag from /opt/airflow/dags/coffee_pipeline_dag.py","logger":"airflow.models.dagbag.DagBag"}
{"timestamp":"2025-05-13T22:30:49.895977Z","level":"info","event":"Task instance is in running state","chan":"stdout","logger":"task"}
{"timestamp":"2025-05-13T22:30:49.897709Z","level":"info","event":" Previous state of the Task instance: queued","chan":"stdout","logger":"task"}
{"timestamp":"2025-05-13T22:30:49.898423Z","level":"info","event":"Current task name:simular_y_cargar_ventas","chan":"stdout","logger":"task"}
{"timestamp":"2025-05-13T22:30:49.899156Z","level":"info","event":"Dag name:ventas_cafe_dag","chan":"stdout","logger":"task"}
{"timestamp":"2025-05-13T22:30:49.899858Z","level":"info","event":"📅 Simulando: 2024-05-01","chan":"stdout","logger":"task"}
{"timestamp":"2025-05-13T22:30:58.467238Z","level":"info","event":"📅 Simulando: 2024-05-02","chan":"stdout","logger":"task"}
{"timestamp":"2025-05-13T22:31:02.860796Z","level":"info","event":"📅 Simulando: 2024-05-03","chan":"stdout","logger":"task"}
{"timestamp":"2025-05-13T22:31:07.415671Z","level":"info","event":"📅 Simulando: 2024-05-04","chan":"stdout","logger":"task"}
{"timestamp":"2025-05-13T22:31:12.129661Z","level":"info","event":"📅 Simulando: 2024-05-05","chan":"stdout","logger":"task"}
{"timestamp":"2025-05-13T22:31:18.517251Z","level":"info","event":"📅 Simulando: 2024-05-06","chan":"stdout","logger":"task"}
{"timestamp":"2025-05-13T22:31:20.852129Z","level":"info","event":"📅 Simulando: 2024-05-07","chan":"stdout","logger":"task"}
{"timestamp":"2025-05-13T22:31:23.780932Z","level":"info","event":"📅 Simulando: 2024-05-08","chan":"stdout","logger":"task"}
{"timestamp":"2025-05-13T22:31:27.170088Z","level":"info","event":"📅 Simulando: 2024-05-09","chan":"stdout","logger":"task"}
{"timestamp":"2025-05-13T22:31:31.957103Z","level":"info","event":"📅 Simulando: 2024-05-10","chan":"stdout","logger":"task"}
{"timestamp":"2025-05-13T22:31:39.285355Z","level":"info","event":"📅 Simulando: 2024-05-11","chan":"stdout","logger":"task"}
{"timestamp":"2025-05-13T22:31:43.868257Z","level":"info","event":"📅 Simulando: 2024-05-12","chan":"stdout","logger":"task"}
{"timestamp":"2025-05-13T22:31:47.175404Z","level":"info","event":"📅 Simulando: 2024-05-13","chan":"stdout","logger":"task"}
{"timestamp":"2025-05-13T22:31:50.134324Z","level":"info","event":"📅 Simulando: 2024-05-14","chan":"stdout","logger":"task"}
{"timestamp":"2025-05-13T22:31:53.321291Z","level":"info","event":"📅 Simulando: 2024-05-15","chan":"stdout","logger":"task"}
{"timestamp":"2025-05-13T22:31:57.723405Z","level":"info","event":"📅 Simulando: 2024-05-16","chan":"stdout","logger":"task"}
{"timestamp":"2025-05-13T22:32:04.856470Z","level":"info","event":"📅 Simulando: 2024-05-17","chan":"stdout","logger":"task"}
{"timestamp":"2025-05-13T22:32:11.127134Z","level":"info","event":"📅 Simulando: 2024-05-18","chan":"stdout","logger":"task"}
{"timestamp":"2025-05-13T22:32:16.829962Z","level":"info","event":"📅 Simulando: 2024-05-19","chan":"stdout","logger":"task"}
{"timestamp":"2025-05-13T22:32:24.410463Z","level":"info","event":"📅 Simulando: 2024-05-20","chan":"stdout","logger":"task"}
{"timestamp":"2025-05-13T22:32:27.691034Z","level":"info","event":"📅 Simulando: 2024-05-21","chan":"stdout","logger":"task"}
{"timestamp":"2025-05-13T22:32:32.335836Z","level":"info","event":"📅 Simulando: 2024-05-22","chan":"stdout","logger":"task"}
{"timestamp":"2025-05-13T22:32:37.093954Z","level":"info","event":"📅 Simulando: 2024-05-23","chan":"stdout","logger":"task"}
{"timestamp":"2025-05-13T22:32:41.435039Z","level":"info","event":"📅 Simulando: 2024-05-24","chan":"stdout","logger":"task"}
{"timestamp":"2025-05-13T22:32:45.618239Z","level":"info","event":"📅 Simulando: 2024-05-25","chan":"stdout","logger":"task"}
{"timestamp":"2025-05-13T22:32:51.562939Z","level":"info","event":"📅 Simulando: 2024-05-26","chan":"stdout","logger":"task"}
{"timestamp":"2025-05-13T22:32:59.726804Z","level":"info","event":"📅 Simulando: 2024-05-27","chan":"stdout","logger":"task"}
{"timestamp":"2025-05-13T22:33:08.411732Z","level":"info","event":"📅 Simulando: 2024-05-28","chan":"stdout","logger":"task"}
{"timestamp":"2025-05-13T22:33:15.447136Z","level":"info","event":"📅 Simulando: 2024-05-29","chan":"stdout","logger":"task"}
{"timestamp":"2025-05-13T22:33:22.554811Z","level":"info","event":"📅 Simulando: 2024-05-30","chan":"stdout","logger":"task"}
{"timestamp":"2025-05-13T22:33:31.958377Z","level":"info","event":"📅 Simulando: 2024-05-31","chan":"stdout","logger":"task"}
{"timestamp":"2025-05-13T22:33:39.209859Z","level":"info","event":"📅 Simulando: 2024-06-01","chan":"stdout","logger":"task"}
{"timestamp":"2025-05-13T22:33:45.677854Z","level":"info","event":"📅 Simulando: 2024-06-02","chan":"stdout","logger":"task"}
{"timestamp":"2025-05-13T22:33:51.625933Z","level":"info","event":"📅 Simulando: 2024-06-03","chan":"stdout","logger":"task"}
{"timestamp":"2025-05-13T22:33:54.581421Z","level":"info","event":"📅 Simulando: 2024-06-04","chan":"stdout","logger":"task"}
{"timestamp":"2025-05-13T22:33:58.239010Z","level":"info","event":"📅 Simulando: 2024-06-05","chan":"stdout","logger":"task"}
{"timestamp":"2025-05-13T22:34:01.323560Z","level":"info","event":"📅 Simulando: 2024-06-06","chan":"stdout","logger":"task"}
{"timestamp":"2025-05-13T22:34:03.917911Z","level":"info","event":"📅 Simulando: 2024-06-07","chan":"stdout","logger":"task"}
{"timestamp":"2025-05-13T22:34:09.864027Z","level":"info","event":"📅 Simulando: 2024-06-08","chan":"stdout","logger":"task"}
{"timestamp":"2025-05-13T22:34:18.458597Z","level":"info","event":"📅 Simulando: 2024-06-09","chan":"stdout","logger":"task"}
{"timestamp":"2025-05-13T22:34:25.551229Z","level":"info","event":"📅 Simulando: 2024-06-10","chan":"stdout","logger":"task"}
{"timestamp":"2025-05-13T22:34:30.011224Z","level":"info","event":"📅 Simulando: 2024-06-11","chan":"stdout","logger":"task"}
{"timestamp":"2025-05-13T22:34:34.026108Z","level":"info","event":"📅 Simulando: 2024-06-12","chan":"stdout","logger":"task"}
{"timestamp":"2025-05-13T22:34:40.372650Z","level":"info","event":"📅 Simulando: 2024-06-13","chan":"stdout","logger":"task"}
{"timestamp":"2025-05-13T22:34:44.249891Z","level":"info","event":"📅 Simulando: 2024-06-14","chan":"stdout","logger":"task"}
{"timestamp":"2025-05-13T22:34:48.601579Z","level":"info","event":"📅 Simulando: 2024-06-15","chan":"stdout","logger":"task"}
{"timestamp":"2025-05-13T22:34:57.628101Z","level":"info","event":"📅 Simulando: 2024-06-16","chan":"stdout","logger":"task"}
{"timestamp":"2025-05-13T22:35:03.079466Z","level":"info","event":"📅 Simulando: 2024-06-17","chan":"stdout","logger":"task"}
{"timestamp":"2025-05-13T22:35:06.039361Z","level":"info","event":"📅 Simulando: 2024-06-18","chan":"stdout","logger":"task"}
{"timestamp":"2025-05-13T22:35:08.954107Z","level":"info","event":"📅 Simulando: 2024-06-19","chan":"stdout","logger":"task"}
{"timestamp":"2025-05-13T22:35:13.806052Z","level":"info","event":"📅 Simulando: 2024-06-20","chan":"stdout","logger":"task"}
{"timestamp":"2025-05-13T22:35:21.278475Z","level":"info","event":"📅 Simulando: 2024-06-21","chan":"stdout","logger":"task"}
{"timestamp":"2025-05-13T22:35:27.000402Z","level":"info","event":"📅 Simulando: 2024-06-22","chan":"stdout","logger":"task"}
{"timestamp":"2025-05-13T22:35:32.915892Z","level":"info","event":"📅 Simulando: 2024-06-23","chan":"stdout","logger":"task"}
{"timestamp":"2025-05-13T22:35:38.483678Z","level":"info","event":"📅 Simulando: 2024-06-24","chan":"stdout","logger":"task"}
{"timestamp":"2025-05-13T22:35:42.375297Z","level":"info","event":"📅 Simulando: 2024-06-25","chan":"stdout","logger":"task"}
{"timestamp":"2025-05-13T22:35:49.180636Z","level":"info","event":"📅 Simulando: 2024-06-26","chan":"stdout","logger":"task"}
{"timestamp":"2025-05-13T22:35:51.814323Z","level":"info","event":"📅 Simulando: 2024-06-27","chan":"stdout","logger":"task"}
{"timestamp":"2025-05-13T22:35:55.388301Z","level":"info","event":"📅 Simulando: 2024-06-28","chan":"stdout","logger":"task"}
{"timestamp":"2025-05-13T22:36:00.193310Z","level":"info","event":"📅 Simulando: 2024-06-29","chan":"stdout","logger":"task"}
{"timestamp":"2025-05-13T22:36:04.491710Z","level":"info","event":"📅 Simulando: 2024-06-30","chan":"stdout","logger":"task"}
{"timestamp":"2025-05-13T22:36:11.781545Z","level":"info","event":"📅 Simulando: 2024-07-01","chan":"stdout","logger":"task"}
{"timestamp":"2025-05-13T22:36:16.843688Z","level":"info","event":"📅 Simulando: 2024-07-02","chan":"stdout","logger":"task"}
{"timestamp":"2025-05-13T22:36:22.389413Z","level":"info","event":"📅 Simulando: 2024-07-03","chan":"stdout","logger":"task"}
{"timestamp":"2025-05-13T22:36:28.226723Z","level":"info","event":"📅 Simulando: 2024-07-04","chan":"stdout","logger":"task"}
{"timestamp":"2025-05-13T22:36:30.987270Z","level":"info","event":"📅 Simulando: 2024-07-05","chan":"stdout","logger":"task"}
{"timestamp":"2025-05-13T22:36:33.752344Z","level":"info","event":"📅 Simulando: 2024-07-06","chan":"stdout","logger":"task"}
{"timestamp":"2025-05-13T22:36:37.835389Z","level":"info","event":"📅 Simulando: 2024-07-07","chan":"stdout","logger":"task"}
{"timestamp":"2025-05-13T22:36:41.283005Z","level":"info","event":"📅 Simulando: 2024-07-08","chan":"stdout","logger":"task"}
{"timestamp":"2025-05-13T22:36:43.829380Z","level":"info","event":"📅 Simulando: 2024-07-09","chan":"stdout","logger":"task"}
{"timestamp":"2025-05-13T22:36:48.520291Z","level":"info","event":"📅 Simulando: 2024-07-10","chan":"stdout","logger":"task"}
{"timestamp":"2025-05-13T22:36:54.691350Z","level":"info","event":"📅 Simulando: 2024-07-11","chan":"stdout","logger":"task"}
{"timestamp":"2025-05-13T22:37:00.272172Z","level":"info","event":"📅 Simulando: 2024-07-12","chan":"stdout","logger":"task"}
{"timestamp":"2025-05-13T22:37:06.589590Z","level":"info","event":"📅 Simulando: 2024-07-13","chan":"stdout","logger":"task"}
{"timestamp":"2025-05-13T22:37:11.759279Z","level":"info","event":"📅 Simulando: 2024-07-14","chan":"stdout","logger":"task"}
{"timestamp":"2025-05-13T22:37:16.157796Z","level":"info","event":"📅 Simulando: 2024-07-15","chan":"stdout","logger":"task"}
{"timestamp":"2025-05-13T22:37:20.622345Z","level":"info","event":"📅 Simulando: 2024-07-16","chan":"stdout","logger":"task"}
{"timestamp":"2025-05-13T22:37:23.877786Z","level":"info","event":"📅 Simulando: 2024-07-17","chan":"stdout","logger":"task"}
{"timestamp":"2025-05-13T22:37:28.003662Z","level":"info","event":"📅 Simulando: 2024-07-18","chan":"stdout","logger":"task"}
{"timestamp":"2025-05-13T22:37:35.403432Z","level":"info","event":"📅 Simulando: 2024-07-19","chan":"stdout","logger":"task"}
{"timestamp":"2025-05-13T22:37:44.127091Z","level":"info","event":"📅 Simulando: 2024-07-20","chan":"stdout","logger":"task"}
{"timestamp":"2025-05-13T22:37:53.624322Z","level":"info","event":"📅 Simulando: 2024-07-21","chan":"stdout","logger":"task"}
{"timestamp":"2025-05-13T22:38:00.681633Z","level":"info","event":"📅 Simulando: 2024-07-22","chan":"stdout","logger":"task"}
{"timestamp":"2025-05-13T22:38:04.403235Z","level":"info","event":"📅 Simulando: 2024-07-23","chan":"stdout","logger":"task"}
{"timestamp":"2025-05-13T22:38:08.575747Z","level":"info","event":"📅 Simulando: 2024-07-24","chan":"stdout","logger":"task"}
{"timestamp":"2025-05-13T22:38:13.837697Z","level":"info","event":"📅 Simulando: 2024-07-25","chan":"stdout","logger":"task"}
{"timestamp":"2025-05-13T22:38:20.712537Z","level":"info","event":"📅 Simulando: 2024-07-26","chan":"stdout","logger":"task"}
{"timestamp":"2025-05-13T22:38:28.474013Z","level":"info","event":"📅 Simulando: 2024-07-27","chan":"stdout","logger":"task"}
{"timestamp":"2025-05-13T22:38:39.643092Z","level":"info","event":"📅 Simulando: 2024-07-28","chan":"stdout","logger":"task"}
{"timestamp":"2025-05-13T22:38:51.682277Z","level":"info","event":"📅 Simulando: 2024-07-29","chan":"stdout","logger":"task"}
{"timestamp":"2025-05-13T22:39:00.003909Z","level":"info","event":"📅 Simulando: 2024-07-30","chan":"stdout","logger":"task"}
{"timestamp":"2025-05-13T22:39:08.441065Z","level":"info","event":"📅 Simulando: 2024-07-31","chan":"stdout","logger":"task"}
{"timestamp":"2025-05-13T22:39:16.234049Z","level":"info","event":"📅 Simulando: 2024-08-01","chan":"stdout","logger":"task"}
{"timestamp":"2025-05-13T22:39:22.603891Z","level":"info","event":"📅 Simulando: 2024-08-02","chan":"stdout","logger":"task"}
{"timestamp":"2025-05-13T22:39:27.852177Z","level":"info","event":"📅 Simulando: 2024-08-03","chan":"stdout","logger":"task"}
{"timestamp":"2025-05-13T22:39:36.546684Z","level":"info","event":"📅 Simulando: 2024-08-04","chan":"stdout","logger":"task"}
{"timestamp":"2025-05-13T22:39:42.987472Z","level":"info","event":"📅 Simulando: 2024-08-05","chan":"stdout","logger":"task"}
{"timestamp":"2025-05-13T22:39:46.734242Z","level":"info","event":"📅 Simulando: 2024-08-06","chan":"stdout","logger":"task"}
{"timestamp":"2025-05-13T22:39:52.367235Z","level":"info","event":"📅 Simulando: 2024-08-07","chan":"stdout","logger":"task"}
{"timestamp":"2025-05-13T22:39:57.295989Z","level":"info","event":"📅 Simulando: 2024-08-08","chan":"stdout","logger":"task"}
{"timestamp":"2025-05-13T22:40:02.427233Z","level":"info","event":"📅 Simulando: 2024-08-09","chan":"stdout","logger":"task"}
{"timestamp":"2025-05-13T22:40:05.065637Z","level":"info","event":"📅 Simulando: 2024-08-10","chan":"stdout","logger":"task"}
{"timestamp":"2025-05-13T22:40:11.896770Z","level":"info","event":"📅 Simulando: 2024-08-11","chan":"stdout","logger":"task"}
{"timestamp":"2025-05-13T22:40:19.860015Z","level":"info","event":"📅 Simulando: 2024-08-12","chan":"stdout","logger":"task"}
{"timestamp":"2025-05-13T22:40:26.582484Z","level":"info","event":"📅 Simulando: 2024-08-13","chan":"stdout","logger":"task"}
{"timestamp":"2025-05-13T22:40:32.852106Z","level":"info","event":"📅 Simulando: 2024-08-14","chan":"stdout","logger":"task"}
{"timestamp":"2025-05-13T22:40:36.609863Z","level":"info","event":"📅 Simulando: 2024-08-15","chan":"stdout","logger":"task"}
{"timestamp":"2025-05-13T22:40:44.458710Z","level":"info","event":"📅 Simulando: 2024-08-16","chan":"stdout","logger":"task"}
{"timestamp":"2025-05-13T22:40:51.454717Z","level":"info","event":"📅 Simulando: 2024-08-17","chan":"stdout","logger":"task"}
{"timestamp":"2025-05-13T22:41:02.326345Z","level":"info","event":"📅 Simulando: 2024-08-18","chan":"stdout","logger":"task"}
{"timestamp":"2025-05-13T22:41:10.282071Z","level":"info","event":"📅 Simulando: 2024-08-19","chan":"stdout","logger":"task"}
{"timestamp":"2025-05-13T22:41:18.674258Z","level":"info","event":"📅 Simulando: 2024-08-20","chan":"stdout","logger":"task"}
{"timestamp":"2025-05-13T22:41:26.291594Z","level":"info","event":"📅 Simulando: 2024-08-21","chan":"stdout","logger":"task"}
{"timestamp":"2025-05-13T22:41:35.554632Z","level":"info","event":"📅 Simulando: 2024-08-22","chan":"stdout","logger":"task"}
{"timestamp":"2025-05-13T22:41:45.807720Z","level":"info","event":"📅 Simulando: 2024-08-23","chan":"stdout","logger":"task"}
{"timestamp":"2025-05-13T22:41:53.196603Z","level":"info","event":"📅 Simulando: 2024-08-24","chan":"stdout","logger":"task"}
{"timestamp":"2025-05-13T22:42:03.542231Z","level":"info","event":"📅 Simulando: 2024-08-25","chan":"stdout","logger":"task"}
{"timestamp":"2025-05-13T22:42:11.128952Z","level":"info","event":"📅 Simulando: 2024-08-26","chan":"stdout","logger":"task"}
{"timestamp":"2025-05-13T22:42:16.293670Z","level":"info","event":"📅 Simulando: 2024-08-27","chan":"stdout","logger":"task"}
{"timestamp":"2025-05-13T22:42:21.749266Z","level":"info","event":"📅 Simulando: 2024-08-28","chan":"stdout","logger":"task"}
{"timestamp":"2025-05-13T22:42:24.903486Z","level":"info","event":"📅 Simulando: 2024-08-29","chan":"stdout","logger":"task"}
{"timestamp":"2025-05-13T22:42:26.751600Z","level":"info","event":"📅 Simulando: 2024-08-30","chan":"stdout","logger":"task"}
{"timestamp":"2025-05-13T22:42:28.805954Z","level":"info","event":"📅 Simulando: 2024-08-31","chan":"stdout","logger":"task"}
{"timestamp":"2025-05-13T22:42:31.600426Z","level":"info","event":"📅 Simulando: 2024-09-01","chan":"stdout","logger":"task"}
{"timestamp":"2025-05-13T22:42:36.122990Z","level":"info","event":"📅 Simulando: 2024-09-02","chan":"stdout","logger":"task"}
{"timestamp":"2025-05-13T22:42:39.429882Z","level":"info","event":"📅 Simulando: 2024-09-03","chan":"stdout","logger":"task"}
{"timestamp":"2025-05-13T22:42:42.584139Z","level":"info","event":"📅 Simulando: 2024-09-04","chan":"stdout","logger":"task"}
{"timestamp":"2025-05-13T22:42:44.546081Z","level":"info","event":"📅 Simulando: 2024-09-05","chan":"stdout","logger":"task"}
{"timestamp":"2025-05-13T22:42:47.162059Z","level":"info","event":"📅 Simulando: 2024-09-06","chan":"stdout","logger":"task"}
{"timestamp":"2025-05-13T22:42:51.155903Z","level":"info","event":"📅 Simulando: 2024-09-07","chan":"stdout","logger":"task"}
{"timestamp":"2025-05-13T22:42:55.344345Z","level":"info","event":"📅 Simulando: 2024-09-08","chan":"stdout","logger":"task"}
{"timestamp":"2025-05-13T22:42:59.525980Z","level":"info","event":"📅 Simulando: 2024-09-09","chan":"stdout","logger":"task"}
{"timestamp":"2025-05-13T22:43:03.055926Z","level":"info","event":"📅 Simulando: 2024-09-10","chan":"stdout","logger":"task"}
{"timestamp":"2025-05-13T22:43:05.007142Z","level":"info","event":"📅 Simulando: 2024-09-11","chan":"stdout","logger":"task"}
{"timestamp":"2025-05-13T22:43:07.365712Z","level":"info","event":"📅 Simulando: 2024-09-12","chan":"stdout","logger":"task"}
{"timestamp":"2025-05-13T22:43:09.691056Z","level":"info","event":"📅 Simulando: 2024-09-13","chan":"stdout","logger":"task"}
{"timestamp":"2025-05-13T22:43:12.517020Z","level":"info","event":"📅 Simulando: 2024-09-14","chan":"stdout","logger":"task"}
{"timestamp":"2025-05-13T22:43:15.147436Z","level":"info","event":"📅 Simulando: 2024-09-15","chan":"stdout","logger":"task"}
{"timestamp":"2025-05-13T22:43:17.279836Z","level":"info","event":"📅 Simulando: 2024-09-16","chan":"stdout","logger":"task"}
{"timestamp":"2025-05-13T22:43:19.564930Z","level":"info","event":"📅 Simulando: 2024-09-17","chan":"stdout","logger":"task"}
{"timestamp":"2025-05-13T22:43:21.563008Z","level":"info","event":"📅 Simulando: 2024-09-18","chan":"stdout","logger":"task"}
{"timestamp":"2025-05-13T22:43:23.449724Z","level":"info","event":"📅 Simulando: 2024-09-19","chan":"stdout","logger":"task"}
{"timestamp":"2025-05-13T22:43:26.304661Z","level":"info","event":"📅 Simulando: 2024-09-20","chan":"stdout","logger":"task"}
{"timestamp":"2025-05-13T22:43:28.157512Z","level":"info","event":"📅 Simulando: 2024-09-21","chan":"stdout","logger":"task"}
{"timestamp":"2025-05-13T22:43:30.702240Z","level":"info","event":"📅 Simulando: 2024-09-22","chan":"stdout","logger":"task"}
{"timestamp":"2025-05-13T22:43:32.838015Z","level":"info","event":"📅 Simulando: 2024-09-23","chan":"stdout","logger":"task"}
{"timestamp":"2025-05-13T22:43:35.654136Z","level":"info","event":"📅 Simulando: 2024-09-24","chan":"stdout","logger":"task"}
{"timestamp":"2025-05-13T22:43:42.152593Z","level":"info","event":"📅 Simulando: 2024-09-25","chan":"stdout","logger":"task"}
{"timestamp":"2025-05-13T22:43:45.950101Z","level":"info","event":"📅 Simulando: 2024-09-26","chan":"stdout","logger":"task"}
{"timestamp":"2025-05-13T22:43:47.605129Z","level":"info","event":"📅 Simulando: 2024-09-27","chan":"stdout","logger":"task"}
{"timestamp":"2025-05-13T22:43:50.181857Z","level":"info","event":"📅 Simulando: 2024-09-28","chan":"stdout","logger":"task"}
{"timestamp":"2025-05-13T22:43:53.562819Z","level":"info","event":"📅 Simulando: 2024-09-29","chan":"stdout","logger":"task"}
{"timestamp":"2025-05-13T22:43:56.130664Z","level":"info","event":"📅 Simulando: 2024-09-30","chan":"stdout","logger":"task"}
{"timestamp":"2025-05-13T22:43:59.153096Z","level":"info","event":"📅 Simulando: 2024-10-01","chan":"stdout","logger":"task"}
{"timestamp":"2025-05-13T22:44:01.392838Z","level":"info","event":"📅 Simulando: 2024-10-02","chan":"stdout","logger":"task"}
{"timestamp":"2025-05-13T22:44:03.141918Z","level":"info","event":"📅 Simulando: 2024-10-03","chan":"stdout","logger":"task"}
{"timestamp":"2025-05-13T22:44:05.158225Z","level":"info","event":"📅 Simulando: 2024-10-04","chan":"stdout","logger":"task"}
{"timestamp":"2025-05-13T22:44:06.818714Z","level":"info","event":"📅 Simulando: 2024-10-05","chan":"stdout","logger":"task"}
{"timestamp":"2025-05-13T22:44:09.608421Z","level":"info","event":"📅 Simulando: 2024-10-06","chan":"stdout","logger":"task"}
{"timestamp":"2025-05-13T22:44:13.250175Z","level":"info","event":"📅 Simulando: 2024-10-07","chan":"stdout","logger":"task"}
{"timestamp":"2025-05-13T22:44:17.009522Z","level":"info","event":"📅 Simulando: 2024-10-08","chan":"stdout","logger":"task"}
{"timestamp":"2025-05-13T22:44:21.628737Z","level":"info","event":"📅 Simulando: 2024-10-09","chan":"stdout","logger":"task"}
{"timestamp":"2025-05-13T22:44:25.970886Z","level":"info","event":"📅 Simulando: 2024-10-10","chan":"stdout","logger":"task"}
{"timestamp":"2025-05-13T22:44:29.464603Z","level":"info","event":"📅 Simulando: 2024-10-11","chan":"stdout","logger":"task"}
{"timestamp":"2025-05-13T22:44:32.956941Z","level":"info","event":"📅 Simulando: 2024-10-12","chan":"stdout","logger":"task"}
{"timestamp":"2025-05-13T22:44:36.425702Z","level":"info","event":"📅 Simulando: 2024-10-13","chan":"stdout","logger":"task"}
{"timestamp":"2025-05-13T22:44:40.561775Z","level":"info","event":"📅 Simulando: 2024-10-14","chan":"stdout","logger":"task"}
{"timestamp":"2025-05-13T22:44:44.306608Z","level":"info","event":"📅 Simulando: 2024-10-15","chan":"stdout","logger":"task"}
{"timestamp":"2025-05-13T22:44:46.975478Z","level":"info","event":"📅 Simulando: 2024-10-16","chan":"stdout","logger":"task"}
{"timestamp":"2025-05-13T22:44:49.366792Z","level":"info","event":"📅 Simulando: 2024-10-17","chan":"stdout","logger":"task"}
{"timestamp":"2025-05-13T22:44:51.632026Z","level":"info","event":"📅 Simulando: 2024-10-18","chan":"stdout","logger":"task"}
{"timestamp":"2025-05-13T22:44:54.187651Z","level":"info","event":"📅 Simulando: 2024-10-19","chan":"stdout","logger":"task"}
{"timestamp":"2025-05-13T22:44:59.293803Z","level":"info","event":"📅 Simulando: 2024-10-20","chan":"stdout","logger":"task"}
{"timestamp":"2025-05-13T22:45:03.454346Z","level":"info","event":"📅 Simulando: 2024-10-21","chan":"stdout","logger":"task"}
{"timestamp":"2025-05-13T22:45:05.806668Z","level":"info","event":"📅 Simulando: 2024-10-22","chan":"stdout","logger":"task"}
{"timestamp":"2025-05-13T22:45:08.216955Z","level":"info","event":"📅 Simulando: 2024-10-23","chan":"stdout","logger":"task"}
{"timestamp":"2025-05-13T22:45:11.382767Z","level":"info","event":"📅 Simulando: 2024-10-24","chan":"stdout","logger":"task"}
{"timestamp":"2025-05-13T22:45:13.849974Z","level":"info","event":"📅 Simulando: 2024-10-25","chan":"stdout","logger":"task"}
{"timestamp":"2025-05-13T22:45:16.395917Z","level":"info","event":"📅 Simulando: 2024-10-26","chan":"stdout","logger":"task"}
{"timestamp":"2025-05-13T22:45:20.430093Z","level":"info","event":"📅 Simulando: 2024-10-27","chan":"stdout","logger":"task"}
{"timestamp":"2025-05-13T22:45:23.449287Z","level":"info","event":"📅 Simulando: 2024-10-28","chan":"stdout","logger":"task"}
{"timestamp":"2025-05-13T22:45:25.989676Z","level":"info","event":"📅 Simulando: 2024-10-29","chan":"stdout","logger":"task"}
{"timestamp":"2025-05-13T22:45:28.228741Z","level":"info","event":"📅 Simulando: 2024-10-30","chan":"stdout","logger":"task"}
{"timestamp":"2025-05-13T22:45:31.077680Z","level":"info","event":"📅 Simulando: 2024-10-31","chan":"stdout","logger":"task"}
{"timestamp":"2025-05-13T22:45:33.455670Z","level":"info","event":"✅ Simulación completa y cargada a SQL","chan":"stdout","logger":"task"}
{"timestamp":"2025-05-13T22:45:33.459732","level":"info","event":"Done. Returned value was: None","logger":"airflow.task.operators.airflow.providers.standard.operators.python.PythonOperator"}
{"timestamp":"2025-05-13T22:45:33.580222Z","level":"info","event":"Task instance in success state","chan":"stdout","logger":"task"}
{"timestamp":"2025-05-13T22:45:33.580780Z","level":"info","event":" Previous state of the Task instance: running","chan":"stdout","logger":"task"}
{"timestamp":"2025-05-13T22:45:33.581199Z","level":"info","event":"Task operator:<Task(PythonOperator): simular_y_cargar_ventas>","chan":"stdout","logger":"task"}
